  SwitchToPlaymodeAction.cpp
cl : command line warning D9035: option 'Gm' has been deprecated and will be removed in a future release
  SwitchToDesignModeAction.cpp
C:\Users\Mohamed Reda\Desktop\commander\PTProject\DEFS.h(4,10): fatal error C1083: Cannot open include file: 'CMUgraphicsLib\CMUgraphics.h': No such file or directory
  Snake.cpp
C:\Users\Mohamed Reda\Desktop\commander\PTProject\DEFS.h(4,10): fatal error C1083: Cannot open include file: 'CMUgraphicsLib\CMUgraphics.h': No such file or directory
  RollDiceAction.cpp
C:\Users\Mohamed Reda\Desktop\commander\PTProject\UI_Info.h(4,10): fatal error C1083: Cannot open include file: 'CMUgraphicsLib\CMUgraphics.h': No such file or directory
  Main.cpp
C:\Users\Mohamed Reda\Desktop\commander\PTProject\DEFS.h(4,10): fatal error C1083: Cannot open include file: 'CMUgraphicsLib\CMUgraphics.h': No such file or directory
  Player.cpp
C:\Users\Mohamed Reda\Desktop\commander\PTProject\DEFS.h(4,10): fatal error C1083: Cannot open include file: 'CMUgraphicsLib\CMUgraphics.h': No such file or directory
  PasteCardAction.cpp
C:\Users\Mohamed Reda\Desktop\commander\PTProject\UI_Info.h(4,10): fatal error C1083: Cannot open include file: 'CMUgraphicsLib\CMUgraphics.h': No such file or directory
  Output.cpp
C:\Users\Mohamed Reda\Desktop\commander\PTProject\DEFS.h(4,10): fatal error C1083: Cannot open include file: 'CMUgraphicsLib\CMUgraphics.h': No such file or directory
  NewGameAction.cpp
C:\Users\Mohamed Reda\Desktop\commander\PTProject\DEFS.h(4,10): fatal error C1083: Cannot open include file: 'CMUgraphicsLib\CMUgraphics.h': No such file or directory
  Ladder.cpp
C:\Users\Mohamed Reda\Desktop\commander\PTProject\DEFS.h(4,10): fatal error C1083: Cannot open include file: 'CMUgraphicsLib\CMUgraphics.h': No such file or directory
  InputDiceValueAction.cpp
C:\Users\Mohamed Reda\Desktop\commander\PTProject\UI_Info.h(4,10): fatal error C1083: Cannot open include file: 'CMUgraphicsLib\CMUgraphics.h': No such file or directory
  Input.cpp
C:\Users\Mohamed Reda\Desktop\commander\PTProject\DEFS.h(4,10): fatal error C1083: Cannot open include file: 'CMUgraphicsLib\CMUgraphics.h': No such file or directory
  Grid.cpp
C:\Users\Mohamed Reda\Desktop\commander\PTProject\DEFS.h(4,10): fatal error C1083: Cannot open include file: 'CMUgraphicsLib\CMUgraphics.h': No such file or directory
  GameObject.cpp
C:\Users\Mohamed Reda\Desktop\commander\PTProject\UI_Info.h(4,10): fatal error C1083: Cannot open include file: 'CMUgraphicsLib\CMUgraphics.h': No such file or directory
  EditCardAction.cpp
C:\Users\Mohamed Reda\Desktop\commander\PTProject\UI_Info.h(4,10): fatal error C1083: Cannot open include file: 'CMUgraphicsLib\CMUgraphics.h': No such file or directory
  DeleteGameObjectAction.cpp
C:\Users\Mohamed Reda\Desktop\commander\PTProject\DEFS.h(4,10): fatal error C1083: Cannot open include file: 'CMUgraphicsLib\CMUgraphics.h': No such file or directory
  CutCardAction.cpp
C:\Users\Mohamed Reda\Desktop\commander\PTProject\DEFS.h(4,10): fatal error C1083: Cannot open include file: 'CMUgraphicsLib\CMUgraphics.h': No such file or directory
  CopyCardAction.cpp
C:\Users\Mohamed Reda\Desktop\commander\PTProject\DEFS.h(4,10): fatal error C1083: Cannot open include file: 'CMUgraphicsLib\CMUgraphics.h': No such file or directory
  windowinput.cpp
C:\Users\Mohamed Reda\Desktop\commander\PTProject\DEFS.h(4,10): fatal error C1083: Cannot open include file: 'CMUgraphicsLib\CMUgraphics.h': No such file or directory
  mousequeue.cpp
c1xx : fatal error C1083: Cannot open source file: 'CMUgraphicsLib\windowinput.cpp': No such file or directory
  Generating Code...
  Compiling...
  keyqueue.cpp
c1xx : fatal error C1083: Cannot open source file: 'CMUgraphicsLib\mousequeue.cpp': No such file or directory
  image.cpp
c1xx : fatal error C1083: Cannot open source file: 'CMUgraphicsLib\keyqueue.cpp': No such file or directory
  colors.cpp
c1xx : fatal error C1083: Cannot open source file: 'CMUgraphicsLib\image.cpp': No such file or directory
  CMUgraphics.cpp
c1xx : fatal error C1083: Cannot open source file: 'CMUgraphicsLib\colors.cpp': No such file or directory
  auxil.cpp
c1xx : fatal error C1083: Cannot open source file: 'CMUgraphicsLib\CMUgraphics.cpp': No such file or directory
  CellPosition.cpp
c1xx : fatal error C1083: Cannot open source file: 'CMUgraphicsLib\auxil.cpp': No such file or directory
  Cell.cpp
C:\Users\Mohamed Reda\Desktop\commander\PTProject\UI_Info.h(4,10): fatal error C1083: Cannot open include file: 'CMUgraphicsLib\CMUgraphics.h': No such file or directory
  CardTwo.cpp
C:\Users\Mohamed Reda\Desktop\commander\PTProject\UI_Info.h(4,10): fatal error C1083: Cannot open include file: 'CMUgraphicsLib\CMUgraphics.h': No such file or directory
  CardTwelve.cpp
C:\Users\Mohamed Reda\Desktop\commander\PTProject\UI_Info.h(4,10): fatal error C1083: Cannot open include file: 'CMUgraphicsLib\CMUgraphics.h': No such file or directory
  CardThree.cpp
C:\Users\Mohamed Reda\Desktop\commander\PTProject\DEFS.h(4,10): fatal error C1083: Cannot open include file: 'CMUgraphicsLib\CMUgraphics.h': No such file or directory
  CardThirteen.cpp
C:\Users\Mohamed Reda\Desktop\commander\PTProject\UI_Info.h(4,10): fatal error C1083: Cannot open include file: 'CMUgraphicsLib\CMUgraphics.h': No such file or directory
  CardTen.cpp
C:\Users\Mohamed Reda\Desktop\commander\PTProject\DEFS.h(4,10): fatal error C1083: Cannot open include file: 'CMUgraphicsLib\CMUgraphics.h': No such file or directory
  CardSix.cpp
C:\Users\Mohamed Reda\Desktop\commander\PTProject\DEFS.h(4,10): fatal error C1083: Cannot open include file: 'CMUgraphicsLib\CMUgraphics.h': No such file or directory
  CardSeven.cpp
C:\Users\Mohamed Reda\Desktop\commander\PTProject\UI_Info.h(4,10): fatal error C1083: Cannot open include file: 'CMUgraphicsLib\CMUgraphics.h': No such file or directory
  CardOne.cpp
C:\Users\Mohamed Reda\Desktop\commander\PTProject\UI_Info.h(4,10): fatal error C1083: Cannot open include file: 'CMUgraphicsLib\CMUgraphics.h': No such file or directory
  CardNine.cpp
C:\Users\Mohamed Reda\Desktop\commander\PTProject\UI_Info.h(4,10): fatal error C1083: Cannot open include file: 'CMUgraphicsLib\CMUgraphics.h': No such file or directory
  CardFourteen.cpp
C:\Users\Mohamed Reda\Desktop\commander\PTProject\UI_Info.h(4,10): fatal error C1083: Cannot open include file: 'CMUgraphicsLib\CMUgraphics.h': No such file or directory
  CardFour.cpp
C:\Users\Mohamed Reda\Desktop\commander\PTProject\DEFS.h(4,10): fatal error C1083: Cannot open include file: 'CMUgraphicsLib\CMUgraphics.h': No such file or directory
  CardFive.cpp
C:\Users\Mohamed Reda\Desktop\commander\PTProject\UI_Info.h(4,10): fatal error C1083: Cannot open include file: 'CMUgraphicsLib\CMUgraphics.h': No such file or directory
  CardEleven.cpp
C:\Users\Mohamed Reda\Desktop\commander\PTProject\UI_Info.h(4,10): fatal error C1083: Cannot open include file: 'CMUgraphicsLib\CMUgraphics.h': No such file or directory
  Generating Code...
  Compiling...
  CardEight.cpp
C:\Users\Mohamed Reda\Desktop\commander\PTProject\DEFS.h(4,10): fatal error C1083: Cannot open include file: 'CMUgraphicsLib\CMUgraphics.h': No such file or directory
  Card.cpp
C:\Users\Mohamed Reda\Desktop\commander\PTProject\UI_Info.h(4,10): fatal error C1083: Cannot open include file: 'CMUgraphicsLib\CMUgraphics.h': No such file or directory
  ApplicationManager.cpp
C:\Users\Mohamed Reda\Desktop\commander\PTProject\UI_Info.h(4,10): fatal error C1083: Cannot open include file: 'CMUgraphicsLib\CMUgraphics.h': No such file or directory
  AddSnakeAction.cpp
C:\Users\Mohamed Reda\Desktop\commander\PTProject\DEFS.h(4,10): fatal error C1083: Cannot open include file: 'CMUgraphicsLib\CMUgraphics.h': No such file or directory
  AddLadderAction.cpp
C:\Users\Mohamed Reda\Desktop\commander\PTProject\DEFS.h(4,10): fatal error C1083: Cannot open include file: 'CMUgraphicsLib\CMUgraphics.h': No such file or directory
  AddCardAction.cpp
C:\Users\Mohamed Reda\Desktop\commander\PTProject\DEFS.h(4,10): fatal error C1083: Cannot open include file: 'CMUgraphicsLib\CMUgraphics.h': No such file or directory
  Action.cpp
C:\Users\Mohamed Reda\Desktop\commander\PTProject\DEFS.h(4,10): fatal error C1083: Cannot open include file: 'CMUgraphicsLib\CMUgraphics.h': No such file or directory
  Generating Code...
C:\Users\Mohamed Reda\Desktop\commander\PTProject\DEFS.h(4,10): fatal error C1083: Cannot open include file: 'CMUgraphicsLib\CMUgraphics.h': No such file or directory
